#! /usr/bin/vvp
:ivl_version "12.0 (stable)";
:ivl_delay_selection "TYPICAL";
:vpi_time_precision + 0;
:vpi_module "/usr/lib/x86_64-linux-gnu/ivl/system.vpi";
:vpi_module "/usr/lib/x86_64-linux-gnu/ivl/vhdl_sys.vpi";
:vpi_module "/usr/lib/x86_64-linux-gnu/ivl/vhdl_textio.vpi";
:vpi_module "/usr/lib/x86_64-linux-gnu/ivl/v2005_math.vpi";
:vpi_module "/usr/lib/x86_64-linux-gnu/ivl/va_math.vpi";
:vpi_module "/usr/lib/x86_64-linux-gnu/ivl/v2009.vpi";
S_0x6255894fb440 .scope package, "$unit" "$unit" 2 1;
 .timescale 0 0;
S_0x62558950e8e0 .scope module, "and_gate_tb" "and_gate_tb" 3 2;
 .timescale 0 0;
v0x625589521fd0_0 .var "a", 0 0;
v0x6255895220a0_0 .var "b", 0 0;
v0x625589522170_0 .net "y", 0 0, L_0x625589522270;  1 drivers
S_0x62558950ea70 .scope module, "uut" "and_gate" 3 7, 4 2 0, S_0x62558950e8e0;
 .timescale 0 0;
    .port_info 0 /INPUT 1 "a";
    .port_info 1 /INPUT 1 "b";
    .port_info 2 /OUTPUT 1 "y";
L_0x625589522270 .functor AND 1, v0x625589521fd0_0, v0x6255895220a0_0, C4<1>, C4<1>;
v0x6255894d5490_0 .net "a", 0 0, v0x625589521fd0_0;  1 drivers
v0x625589521df0_0 .net "b", 0 0, v0x6255895220a0_0;  1 drivers
v0x625589521eb0_0 .net "y", 0 0, L_0x625589522270;  alias, 1 drivers
    .scope S_0x62558950e8e0;
T_0 ;
    %vpi_call/w 3 14 "$dumpfile", "and_gate.vcd" {0 0 0};
    %vpi_call/w 3 15 "$dumpvars", 32'sb00000000000000000000000000000000, S_0x62558950e8e0 {0 0 0};
    %vpi_call/w 3 17 "$display", "A B | Y" {0 0 0};
    %pushi/vec4 0, 0, 1;
    %store/vec4 v0x625589521fd0_0, 0, 1;
    %pushi/vec4 0, 0, 1;
    %store/vec4 v0x6255895220a0_0, 0, 1;
    %delay 10, 0;
    %vpi_call/w 3 18 "$display", "%b %b | %b", v0x625589521fd0_0, v0x6255895220a0_0, v0x625589522170_0 {0 0 0};
    %pushi/vec4 0, 0, 1;
    %store/vec4 v0x625589521fd0_0, 0, 1;
    %pushi/vec4 1, 0, 1;
    %store/vec4 v0x6255895220a0_0, 0, 1;
    %delay 10, 0;
    %vpi_call/w 3 19 "$display", "%b %b | %b", v0x625589521fd0_0, v0x6255895220a0_0, v0x625589522170_0 {0 0 0};
    %pushi/vec4 1, 0, 1;
    %store/vec4 v0x625589521fd0_0, 0, 1;
    %pushi/vec4 0, 0, 1;
    %store/vec4 v0x6255895220a0_0, 0, 1;
    %delay 10, 0;
    %vpi_call/w 3 20 "$display", "%b %b | %b", v0x625589521fd0_0, v0x6255895220a0_0, v0x625589522170_0 {0 0 0};
    %pushi/vec4 1, 0, 1;
    %store/vec4 v0x625589521fd0_0, 0, 1;
    %pushi/vec4 1, 0, 1;
    %store/vec4 v0x6255895220a0_0, 0, 1;
    %delay 10, 0;
    %vpi_call/w 3 21 "$display", "%b %b | %b", v0x625589521fd0_0, v0x6255895220a0_0, v0x625589522170_0 {0 0 0};
    %vpi_call/w 3 22 "$finish" {0 0 0};
    %end;
    .thread T_0;
# The file index is used to find the file name in the following table.
:file_names 5;
    "N/A";
    "<interactive>";
    "-";
    "day01_and_gate_tb.sv";
    "day01_and_gate.sv";
