#! /usr/bin/vvp
:ivl_version "12.0 (stable)";
:ivl_delay_selection "TYPICAL";
:vpi_time_precision + 0;
:vpi_module "/usr/lib/x86_64-linux-gnu/ivl/system.vpi";
:vpi_module "/usr/lib/x86_64-linux-gnu/ivl/vhdl_sys.vpi";
:vpi_module "/usr/lib/x86_64-linux-gnu/ivl/vhdl_textio.vpi";
:vpi_module "/usr/lib/x86_64-linux-gnu/ivl/v2005_math.vpi";
:vpi_module "/usr/lib/x86_64-linux-gnu/ivl/va_math.vpi";
S_0x637e2d9a1b20 .scope module, "and_gate_tb" "and_gate_tb" 2 2;
 .timescale 0 0;
v0x637e2d9c8530_0 .var "a", 0 0;
v0x637e2d9c8600_0 .var "b", 0 0;
v0x637e2d9c86d0_0 .net "y", 0 0, L_0x637e2d9c87d0;  1 drivers
S_0x637e2d9b5270 .scope module, "uut" "and_gate" 2 8, 3 2 0, S_0x637e2d9a1b20;
 .timescale 0 0;
    .port_info 0 /INPUT 1 "a";
    .port_info 1 /INPUT 1 "b";
    .port_info 2 /OUTPUT 1 "y";
L_0x637e2d9c87d0 .functor AND 1, v0x637e2d9c8530_0, v0x637e2d9c8600_0, C4<1>, C4<1>;
v0x637e2d9b54a0_0 .net "a", 0 0, v0x637e2d9c8530_0;  1 drivers
v0x637e2d9c8350_0 .net "b", 0 0, v0x637e2d9c8600_0;  1 drivers
v0x637e2d9c8410_0 .net "y", 0 0, L_0x637e2d9c87d0;  alias, 1 drivers
    .scope S_0x637e2d9a1b20;
T_0 ;
    %vpi_call 2 15 "$dumpfile", "and_gate.vcd" {0 0 0};
    %vpi_call 2 16 "$dumpvars", 32'sb00000000000000000000000000000000, S_0x637e2d9a1b20 {0 0 0};
    %vpi_call 2 18 "$display", "A B | Y" {0 0 0};
    %pushi/vec4 0, 0, 1;
    %store/vec4 v0x637e2d9c8530_0, 0, 1;
    %pushi/vec4 0, 0, 1;
    %store/vec4 v0x637e2d9c8600_0, 0, 1;
    %delay 10, 0;
    %vpi_call 2 20 "$display", "%b %b | %b", v0x637e2d9c8530_0, v0x637e2d9c8600_0, v0x637e2d9c86d0_0 {0 0 0};
    %pushi/vec4 0, 0, 1;
    %store/vec4 v0x637e2d9c8530_0, 0, 1;
    %pushi/vec4 1, 0, 1;
    %store/vec4 v0x637e2d9c8600_0, 0, 1;
    %delay 10, 0;
    %vpi_call 2 21 "$display", "%b %b | %b", v0x637e2d9c8530_0, v0x637e2d9c8600_0, v0x637e2d9c86d0_0 {0 0 0};
    %pushi/vec4 1, 0, 1;
    %store/vec4 v0x637e2d9c8530_0, 0, 1;
    %pushi/vec4 0, 0, 1;
    %store/vec4 v0x637e2d9c8600_0, 0, 1;
    %delay 10, 0;
    %vpi_call 2 22 "$display", "%b %b | %b", v0x637e2d9c8530_0, v0x637e2d9c8600_0, v0x637e2d9c86d0_0 {0 0 0};
    %pushi/vec4 1, 0, 1;
    %store/vec4 v0x637e2d9c8530_0, 0, 1;
    %pushi/vec4 1, 0, 1;
    %store/vec4 v0x637e2d9c8600_0, 0, 1;
    %delay 10, 0;
    %vpi_call 2 23 "$display", "%b %b | %b", v0x637e2d9c8530_0, v0x637e2d9c8600_0, v0x637e2d9c86d0_0 {0 0 0};
    %vpi_call 2 25 "$finish" {0 0 0};
    %end;
    .thread T_0;
# The file index is used to find the file name in the following table.
:file_names 4;
    "N/A";
    "<interactive>";
    "day01_and_gate_tb.v";
    "day01_and_gate.v";
